<?xml version="1.0" encoding="UTF-8"?>
<!-- Generated by org.testng.reporters.JUnitXMLReporter -->
<testsuite hostname="Riyaz" ignored="0" name="Default test" tests="20" failures="0" timestamp="27 Jun 2020 12:33:23 GMT" time="0.665" errors="0">
  <testcase name="sum" time="0.056" classname="sampletestNG.invocationCountTest"/>
  <testcase name="sum" time="0.005" classname="sampletestNG.invocationCountTest"/>
  <testcase name="sum" time="0.017" classname="sampletestNG.invocationCountTest"/>
  <testcase name="sum" time="0.029" classname="sampletestNG.invocationCountTest"/>
  <testcase name="sum" time="0.004" classname="sampletestNG.invocationCountTest"/>
  <testcase name="sum" time="0.004" classname="sampletestNG.invocationCountTest"/>
  <testcase name="sum" time="0.039" classname="sampletestNG.invocationCountTest"/>
  <testcase name="sum" time="0.023" classname="sampletestNG.invocationCountTest"/>
  <testcase name="sum" time="0.007" classname="sampletestNG.invocationCountTest"/>
  <testcase name="sum" time="0.008" classname="sampletestNG.invocationCountTest"/>
  <testcase name="sum" time="0.005" classname="sampletestNG.invocationCountTest"/>
  <testcase name="sum" time="0.009" classname="sampletestNG.invocationCountTest"/>
  <testcase name="sum" time="0.004" classname="sampletestNG.invocationCountTest"/>
  <testcase name="sum" time="0.022" classname="sampletestNG.invocationCountTest"/>
  <testcase name="sum" time="0.005" classname="sampletestNG.invocationCountTest"/>
  <testcase name="sum" time="0.014" classname="sampletestNG.invocationCountTest"/>
  <testcase name="sum" time="0.013" classname="sampletestNG.invocationCountTest"/>
  <testcase name="sum" time="0.012" classname="sampletestNG.invocationCountTest"/>
  <testcase name="sum" time="0.011" classname="sampletestNG.invocationCountTest"/>
  <testcase name="sum" time="0.01" classname="sampletestNG.invocationCountTest"/>
</testsuite> <!-- Default test -->
