<?xml version="1.0" encoding="UTF-8"?>
<testng-results skipped="0" failed="0" ignored="0" total="20" passed="20">
  <reporter-output>
  </reporter-output>
  <suite name="Default suite" duration-ms="665" started-at="2020-06-27T12:33:22Z" finished-at="2020-06-27T12:33:23Z">
    <groups>
    </groups>
    <test name="Default test" duration-ms="665" started-at="2020-06-27T12:33:22Z" finished-at="2020-06-27T12:33:23Z">
      <class name="sampletestNG.invocationCountTest">
        <test-method status="PASS" signature="sum()[pri:0, instance:sampletestNG.invocationCountTest@23a2f9]" name="sum" duration-ms="56" started-at="2020-06-27T12:33:22Z" finished-at="2020-06-27T12:33:22Z">
          <reporter-output>
          </reporter-output>
        </test-method> <!-- sum -->
        <test-method status="PASS" signature="sum()[pri:0, instance:sampletestNG.invocationCountTest@23a2f9]" name="sum" duration-ms="5" started-at="2020-06-27T12:33:22Z" finished-at="2020-06-27T12:33:22Z">
          <reporter-output>
          </reporter-output>
        </test-method> <!-- sum -->
        <test-method status="PASS" signature="sum()[pri:0, instance:sampletestNG.invocationCountTest@23a2f9]" name="sum" duration-ms="17" started-at="2020-06-27T12:33:22Z" finished-at="2020-06-27T12:33:22Z">
          <reporter-output>
          </reporter-output>
        </test-method> <!-- sum -->
        <test-method status="PASS" signature="sum()[pri:0, instance:sampletestNG.invocationCountTest@23a2f9]" name="sum" duration-ms="29" started-at="2020-06-27T12:33:22Z" finished-at="2020-06-27T12:33:22Z">
          <reporter-output>
          </reporter-output>
        </test-method> <!-- sum -->
        <test-method status="PASS" signature="sum()[pri:0, instance:sampletestNG.invocationCountTest@23a2f9]" name="sum" duration-ms="4" started-at="2020-06-27T12:33:22Z" finished-at="2020-06-27T12:33:22Z">
          <reporter-output>
          </reporter-output>
        </test-method> <!-- sum -->
        <test-method status="PASS" signature="sum()[pri:0, instance:sampletestNG.invocationCountTest@23a2f9]" name="sum" duration-ms="4" started-at="2020-06-27T12:33:22Z" finished-at="2020-06-27T12:33:22Z">
          <reporter-output>
          </reporter-output>
        </test-method> <!-- sum -->
        <test-method status="PASS" signature="sum()[pri:0, instance:sampletestNG.invocationCountTest@23a2f9]" name="sum" duration-ms="39" started-at="2020-06-27T12:33:22Z" finished-at="2020-06-27T12:33:22Z">
          <reporter-output>
          </reporter-output>
        </test-method> <!-- sum -->
        <test-method status="PASS" signature="sum()[pri:0, instance:sampletestNG.invocationCountTest@23a2f9]" name="sum" duration-ms="23" started-at="2020-06-27T12:33:22Z" finished-at="2020-06-27T12:33:23Z">
          <reporter-output>
          </reporter-output>
        </test-method> <!-- sum -->
        <test-method status="PASS" signature="sum()[pri:0, instance:sampletestNG.invocationCountTest@23a2f9]" name="sum" duration-ms="7" started-at="2020-06-27T12:33:23Z" finished-at="2020-06-27T12:33:23Z">
          <reporter-output>
          </reporter-output>
        </test-method> <!-- sum -->
        <test-method status="PASS" signature="sum()[pri:0, instance:sampletestNG.invocationCountTest@23a2f9]" name="sum" duration-ms="8" started-at="2020-06-27T12:33:23Z" finished-at="2020-06-27T12:33:23Z">
          <reporter-output>
          </reporter-output>
        </test-method> <!-- sum -->
        <test-method status="PASS" signature="sum()[pri:0, instance:sampletestNG.invocationCountTest@23a2f9]" name="sum" duration-ms="5" started-at="2020-06-27T12:33:23Z" finished-at="2020-06-27T12:33:23Z">
          <reporter-output>
          </reporter-output>
        </test-method> <!-- sum -->
        <test-method status="PASS" signature="sum()[pri:0, instance:sampletestNG.invocationCountTest@23a2f9]" name="sum" duration-ms="9" started-at="2020-06-27T12:33:23Z" finished-at="2020-06-27T12:33:23Z">
          <reporter-output>
          </reporter-output>
        </test-method> <!-- sum -->
        <test-method status="PASS" signature="sum()[pri:0, instance:sampletestNG.invocationCountTest@23a2f9]" name="sum" duration-ms="4" started-at="2020-06-27T12:33:23Z" finished-at="2020-06-27T12:33:23Z">
          <reporter-output>
          </reporter-output>
        </test-method> <!-- sum -->
        <test-method status="PASS" signature="sum()[pri:0, instance:sampletestNG.invocationCountTest@23a2f9]" name="sum" duration-ms="22" started-at="2020-06-27T12:33:23Z" finished-at="2020-06-27T12:33:23Z">
          <reporter-output>
          </reporter-output>
        </test-method> <!-- sum -->
        <test-method status="PASS" signature="sum()[pri:0, instance:sampletestNG.invocationCountTest@23a2f9]" name="sum" duration-ms="5" started-at="2020-06-27T12:33:23Z" finished-at="2020-06-27T12:33:23Z">
          <reporter-output>
          </reporter-output>
        </test-method> <!-- sum -->
        <test-method status="PASS" signature="sum()[pri:0, instance:sampletestNG.invocationCountTest@23a2f9]" name="sum" duration-ms="14" started-at="2020-06-27T12:33:23Z" finished-at="2020-06-27T12:33:23Z">
          <reporter-output>
          </reporter-output>
        </test-method> <!-- sum -->
        <test-method status="PASS" signature="sum()[pri:0, instance:sampletestNG.invocationCountTest@23a2f9]" name="sum" duration-ms="13" started-at="2020-06-27T12:33:23Z" finished-at="2020-06-27T12:33:23Z">
          <reporter-output>
          </reporter-output>
        </test-method> <!-- sum -->
        <test-method status="PASS" signature="sum()[pri:0, instance:sampletestNG.invocationCountTest@23a2f9]" name="sum" duration-ms="12" started-at="2020-06-27T12:33:23Z" finished-at="2020-06-27T12:33:23Z">
          <reporter-output>
          </reporter-output>
        </test-method> <!-- sum -->
        <test-method status="PASS" signature="sum()[pri:0, instance:sampletestNG.invocationCountTest@23a2f9]" name="sum" duration-ms="11" started-at="2020-06-27T12:33:23Z" finished-at="2020-06-27T12:33:23Z">
          <reporter-output>
          </reporter-output>
        </test-method> <!-- sum -->
        <test-method status="PASS" signature="sum()[pri:0, instance:sampletestNG.invocationCountTest@23a2f9]" name="sum" duration-ms="10" started-at="2020-06-27T12:33:23Z" finished-at="2020-06-27T12:33:23Z">
          <reporter-output>
          </reporter-output>
        </test-method> <!-- sum -->
      </class> <!-- sampletestNG.invocationCountTest -->
    </test> <!-- Default test -->
  </suite> <!-- Default suite -->
</testng-results>
